<?xml version="1.0" encoding="UTF-8" ?>
<testsuite failures="2" time="1.103" errors="0" skipped="0" tests="2" name="br.usp.ime.HelloWorldIT">
  <properties>
    <property name="java.runtime.name" value="Java(TM) SE Runtime Environment"/>
    <property name="sun.boot.library.path" value="/usr/share/java/jdk1.7.0_21/jre/lib/i386"/>
    <property name="java.vm.version" value="23.21-b01"/>
    <property name="java.vm.vendor" value="Oracle Corporation"/>
    <property name="java.vendor.url" value="http://java.oracle.com/"/>
    <property name="path.separator" value=":"/>
    <property name="java.vm.name" value="Java HotSpot(TM) Server VM"/>
    <property name="file.encoding.pkg" value="sun.io"/>
    <property name="user.country" value="US"/>
    <property name="sun.java.launcher" value="SUN_STANDARD"/>
    <property name="sun.os.patch.level" value="unknown"/>
    <property name="java.vm.specification.name" value="Java Virtual Machine Specification"/>
    <property name="user.dir" value="/home/workstation/Documents/projects/DeployableConsumer"/>
    <property name="java.runtime.version" value="1.7.0_21-b11"/>
    <property name="java.awt.graphicsenv" value="sun.awt.X11GraphicsEnvironment"/>
    <property name="basedir" value="/home/workstation/Documents/projects/DeployableConsumer"/>
    <property name="java.endorsed.dirs" value="/usr/share/java/jdk1.7.0_21/jre/lib/endorsed"/>
    <property name="os.arch" value="i386"/>
    <property name="surefire.real.class.path" value="/home/workstation/Documents/projects/DeployableConsumer/target/surefire/surefirebooter4560483605945204899.jar"/>
    <property name="java.io.tmpdir" value="/tmp"/>
    <property name="line.separator" value="
"/>
    <property name="java.vm.specification.vendor" value="Oracle Corporation"/>
    <property name="os.name" value="Linux"/>
    <property name="sun.jnu.encoding" value="UTF-8"/>
    <property name="java.library.path" value="/usr/java/packages/lib/i386:/lib:/usr/lib"/>
    <property name="surefire.test.class.path" value="/home/workstation/Documents/projects/DeployableConsumer/target/test-classes:/home/workstation/Documents/projects/DeployableConsumer/target/classes:/home/workstation/.m2/repository/org/apache/cxf/cxf-rt-frontend-jaxrs/2.7.6/cxf-rt-frontend-jaxrs-2.7.6.jar:/home/workstation/.m2/repository/org/apache/cxf/cxf-api/2.7.6/cxf-api-2.7.6.jar:/home/workstation/.m2/repository/org/codehaus/woodstox/woodstox-core-asl/4.2.0/woodstox-core-asl-4.2.0.jar:/home/workstation/.m2/repository/org/codehaus/woodstox/stax2-api/3.1.1/stax2-api-3.1.1.jar:/home/workstation/.m2/repository/org/apache/ws/xmlschema/xmlschema-core/2.0.3/xmlschema-core-2.0.3.jar:/home/workstation/.m2/repository/org/apache/geronimo/specs/geronimo-javamail_1.4_spec/1.7.1/geronimo-javamail_1.4_spec-1.7.1.jar:/home/workstation/.m2/repository/wsdl4j/wsdl4j/1.6.3/wsdl4j-1.6.3.jar:/home/workstation/.m2/repository/org/apache/cxf/cxf-rt-core/2.7.6/cxf-rt-core-2.7.6.jar:/home/workstation/.m2/repository/com/sun/xml/bind/jaxb-impl/2.2.6/jaxb-impl-2.2.6.jar:/home/workstation/.m2/repository/javax/ws/rs/javax.ws.rs-api/2.0-m10/javax.ws.rs-api-2.0-m10.jar:/home/workstation/.m2/repository/org/apache/cxf/cxf-rt-bindings-xml/2.7.6/cxf-rt-bindings-xml-2.7.6.jar:/home/workstation/.m2/repository/org/apache/cxf/cxf-rt-transports-http/2.7.6/cxf-rt-transports-http-2.7.6.jar:/home/workstation/.m2/repository/org/codehaus/jackson/jackson-core-asl/1.8.6/jackson-core-asl-1.8.6.jar:/home/workstation/.m2/repository/org/codehaus/jackson/jackson-mapper-asl/1.8.6/jackson-mapper-asl-1.8.6.jar:/home/workstation/.m2/repository/org/codehaus/jackson/jackson-jaxrs/1.8.6/jackson-jaxrs-1.8.6.jar:/home/workstation/.m2/repository/org/springframework/spring-web/3.0.7.RELEASE/spring-web-3.0.7.RELEASE.jar:/home/workstation/.m2/repository/aopalliance/aopalliance/1.0/aopalliance-1.0.jar:/home/workstation/.m2/repository/org/springframework/spring-beans/3.0.7.RELEASE/spring-beans-3.0.7.RELEASE.jar:/home/workstation/.m2/repository/org/springframework/spring-context/3.0.7.RELEASE/spring-context-3.0.7.RELEASE.jar:/home/workstation/.m2/repository/org/springframework/spring-aop/3.0.7.RELEASE/spring-aop-3.0.7.RELEASE.jar:/home/workstation/.m2/repository/org/springframework/spring-expression/3.0.7.RELEASE/spring-expression-3.0.7.RELEASE.jar:/home/workstation/.m2/repository/org/springframework/spring-asm/3.0.7.RELEASE/spring-asm-3.0.7.RELEASE.jar:/home/workstation/.m2/repository/org/springframework/spring-core/3.0.7.RELEASE/spring-core-3.0.7.RELEASE.jar:/home/workstation/.m2/repository/commons-logging/commons-logging/1.1.1/commons-logging-1.1.1.jar:/home/workstation/.m2/repository/junit/junit/4.11/junit-4.11.jar:/home/workstation/.m2/repository/org/hamcrest/hamcrest-core/1.3/hamcrest-core-1.3.jar:"/>
    <property name="java.specification.name" value="Java Platform API Specification"/>
    <property name="java.class.version" value="51.0"/>
    <property name="sun.management.compiler" value="HotSpot Tiered Compilers"/>
    <property name="os.version" value="3.2.0-49-generic-pae"/>
    <property name="user.home" value="/home/workstation"/>
    <property name="user.timezone" value="America/Sao_Paulo"/>
    <property name="java.awt.printerjob" value="sun.print.PSPrinterJob"/>
    <property name="file.encoding" value="UTF-8"/>
    <property name="java.specification.version" value="1.7"/>
    <property name="user.name" value="workstation"/>
    <property name="java.class.path" value="/home/workstation/Documents/projects/DeployableConsumer/target/test-classes:/home/workstation/Documents/projects/DeployableConsumer/target/classes:/home/workstation/.m2/repository/org/apache/cxf/cxf-rt-frontend-jaxrs/2.7.6/cxf-rt-frontend-jaxrs-2.7.6.jar:/home/workstation/.m2/repository/org/apache/cxf/cxf-api/2.7.6/cxf-api-2.7.6.jar:/home/workstation/.m2/repository/org/codehaus/woodstox/woodstox-core-asl/4.2.0/woodstox-core-asl-4.2.0.jar:/home/workstation/.m2/repository/org/codehaus/woodstox/stax2-api/3.1.1/stax2-api-3.1.1.jar:/home/workstation/.m2/repository/org/apache/ws/xmlschema/xmlschema-core/2.0.3/xmlschema-core-2.0.3.jar:/home/workstation/.m2/repository/org/apache/geronimo/specs/geronimo-javamail_1.4_spec/1.7.1/geronimo-javamail_1.4_spec-1.7.1.jar:/home/workstation/.m2/repository/wsdl4j/wsdl4j/1.6.3/wsdl4j-1.6.3.jar:/home/workstation/.m2/repository/org/apache/cxf/cxf-rt-core/2.7.6/cxf-rt-core-2.7.6.jar:/home/workstation/.m2/repository/com/sun/xml/bind/jaxb-impl/2.2.6/jaxb-impl-2.2.6.jar:/home/workstation/.m2/repository/javax/ws/rs/javax.ws.rs-api/2.0-m10/javax.ws.rs-api-2.0-m10.jar:/home/workstation/.m2/repository/org/apache/cxf/cxf-rt-bindings-xml/2.7.6/cxf-rt-bindings-xml-2.7.6.jar:/home/workstation/.m2/repository/org/apache/cxf/cxf-rt-transports-http/2.7.6/cxf-rt-transports-http-2.7.6.jar:/home/workstation/.m2/repository/org/codehaus/jackson/jackson-core-asl/1.8.6/jackson-core-asl-1.8.6.jar:/home/workstation/.m2/repository/org/codehaus/jackson/jackson-mapper-asl/1.8.6/jackson-mapper-asl-1.8.6.jar:/home/workstation/.m2/repository/org/codehaus/jackson/jackson-jaxrs/1.8.6/jackson-jaxrs-1.8.6.jar:/home/workstation/.m2/repository/org/springframework/spring-web/3.0.7.RELEASE/spring-web-3.0.7.RELEASE.jar:/home/workstation/.m2/repository/aopalliance/aopalliance/1.0/aopalliance-1.0.jar:/home/workstation/.m2/repository/org/springframework/spring-beans/3.0.7.RELEASE/spring-beans-3.0.7.RELEASE.jar:/home/workstation/.m2/repository/org/springframework/spring-context/3.0.7.RELEASE/spring-context-3.0.7.RELEASE.jar:/home/workstation/.m2/repository/org/springframework/spring-aop/3.0.7.RELEASE/spring-aop-3.0.7.RELEASE.jar:/home/workstation/.m2/repository/org/springframework/spring-expression/3.0.7.RELEASE/spring-expression-3.0.7.RELEASE.jar:/home/workstation/.m2/repository/org/springframework/spring-asm/3.0.7.RELEASE/spring-asm-3.0.7.RELEASE.jar:/home/workstation/.m2/repository/org/springframework/spring-core/3.0.7.RELEASE/spring-core-3.0.7.RELEASE.jar:/home/workstation/.m2/repository/commons-logging/commons-logging/1.1.1/commons-logging-1.1.1.jar:/home/workstation/.m2/repository/junit/junit/4.11/junit-4.11.jar:/home/workstation/.m2/repository/org/hamcrest/hamcrest-core/1.3/hamcrest-core-1.3.jar:"/>
    <property name="java.vm.specification.version" value="1.7"/>
    <property name="sun.arch.data.model" value="32"/>
    <property name="java.home" value="/usr/share/java/jdk1.7.0_21/jre"/>
    <property name="sun.java.command" value="/home/workstation/Documents/projects/DeployableConsumer/target/surefire/surefirebooter4560483605945204899.jar /home/workstation/Documents/projects/DeployableConsumer/target/surefire/surefire768438092189971272tmp /home/workstation/Documents/projects/DeployableConsumer/target/surefire/surefire6931837775526272622tmp"/>
    <property name="service.url" value="http://localhost:46776/jaxrs-service"/>
    <property name="java.specification.vendor" value="Oracle Corporation"/>
    <property name="user.language" value="en"/>
    <property name="awt.toolkit" value="sun.awt.X11.XToolkit"/>
    <property name="java.vm.info" value="mixed mode"/>
    <property name="java.version" value="1.7.0_21"/>
    <property name="java.ext.dirs" value="/usr/share/java/jdk1.7.0_21/jre/lib/ext:/usr/java/packages/lib/ext"/>
    <property name="sun.boot.class.path" value="/usr/share/java/jdk1.7.0_21/jre/lib/resources.jar:/usr/share/java/jdk1.7.0_21/jre/lib/rt.jar:/usr/share/java/jdk1.7.0_21/jre/lib/sunrsasign.jar:/usr/share/java/jdk1.7.0_21/jre/lib/jsse.jar:/usr/share/java/jdk1.7.0_21/jre/lib/jce.jar:/usr/share/java/jdk1.7.0_21/jre/lib/charsets.jar:/usr/share/java/jdk1.7.0_21/jre/lib/jfr.jar:/usr/share/java/jdk1.7.0_21/jre/classes"/>
    <property name="java.vendor" value="Oracle Corporation"/>
    <property name="localRepository" value="/home/workstation/.m2/repository"/>
    <property name="file.separator" value="/"/>
    <property name="java.vendor.url.bug" value="http://bugreport.sun.com/bugreport/"/>
    <property name="sun.cpu.endian" value="little"/>
    <property name="sun.io.unicode.encoding" value="UnicodeLittle"/>
    <property name="sun.desktop" value="gnome"/>
    <property name="sun.cpu.isalist" value=""/>
  </properties>
  <testcase time="1.022" classname="br.usp.ime.HelloWorldIT" name="testJsonRoundtrip">
    <failure message="expected:&lt;200&gt; but was:&lt;404&gt;" type="java.lang.AssertionError">java.lang.AssertionError: expected:&lt;200&gt; but was:&lt;404&gt;
	at org.junit.Assert.fail(Assert.java:88)
	at org.junit.Assert.failNotEquals(Assert.java:743)
	at org.junit.Assert.assertEquals(Assert.java:118)
	at org.junit.Assert.assertEquals(Assert.java:555)
	at org.junit.Assert.assertEquals(Assert.java:542)
	at br.usp.ime.HelloWorldIT.testJsonRoundtrip(HelloWorldIT.java:45)
	at sun.reflect.NativeMethodAccessorImpl.invoke0(Native Method)
	at sun.reflect.NativeMethodAccessorImpl.invoke(NativeMethodAccessorImpl.java:57)
	at sun.reflect.DelegatingMethodAccessorImpl.invoke(DelegatingMethodAccessorImpl.java:43)
	at java.lang.reflect.Method.invoke(Method.java:601)
	at org.junit.runners.model.FrameworkMethod$1.runReflectiveCall(FrameworkMethod.java:47)
	at org.junit.internal.runners.model.ReflectiveCallable.run(ReflectiveCallable.java:12)
	at org.junit.runners.model.FrameworkMethod.invokeExplosively(FrameworkMethod.java:44)
	at org.junit.internal.runners.statements.InvokeMethod.evaluate(InvokeMethod.java:17)
	at org.junit.runners.ParentRunner.runLeaf(ParentRunner.java:271)
	at org.junit.runners.BlockJUnit4ClassRunner.runChild(BlockJUnit4ClassRunner.java:70)
	at org.junit.runners.BlockJUnit4ClassRunner.runChild(BlockJUnit4ClassRunner.java:50)
	at org.junit.runners.ParentRunner$3.run(ParentRunner.java:238)
	at org.junit.runners.ParentRunner$1.schedule(ParentRunner.java:63)
	at org.junit.runners.ParentRunner.runChildren(ParentRunner.java:236)
	at org.junit.runners.ParentRunner.access$000(ParentRunner.java:53)
	at org.junit.runners.ParentRunner$2.evaluate(ParentRunner.java:229)
	at org.junit.internal.runners.statements.RunBefores.evaluate(RunBefores.java:26)
	at org.junit.runners.ParentRunner.run(ParentRunner.java:309)
	at org.apache.maven.surefire.junit4.JUnit4TestSet.execute(JUnit4TestSet.java:53)
	at org.apache.maven.surefire.junit4.JUnit4Provider.executeTestSet(JUnit4Provider.java:119)
	at org.apache.maven.surefire.junit4.JUnit4Provider.invoke(JUnit4Provider.java:101)
	at sun.reflect.NativeMethodAccessorImpl.invoke0(Native Method)
	at sun.reflect.NativeMethodAccessorImpl.invoke(NativeMethodAccessorImpl.java:57)
	at sun.reflect.DelegatingMethodAccessorImpl.invoke(DelegatingMethodAccessorImpl.java:43)
	at java.lang.reflect.Method.invoke(Method.java:601)
	at org.apache.maven.surefire.booter.ProviderFactory$ClassLoaderProxy.invoke(ProviderFactory.java:103)
	at com.sun.proxy.$Proxy0.invoke(Unknown Source)
	at org.apache.maven.surefire.booter.SurefireStarter.invokeProvider(SurefireStarter.java:150)
	at org.apache.maven.surefire.booter.SurefireStarter.runSuitesInProcess(SurefireStarter.java:91)
	at org.apache.maven.surefire.booter.ForkedBooter.main(ForkedBooter.java:69)
</failure>
  </testcase>
  <testcase time="0.012" classname="br.usp.ime.HelloWorldIT" name="testPing">
    <failure message="expected:&lt;200&gt; but was:&lt;404&gt;" type="java.lang.AssertionError">java.lang.AssertionError: expected:&lt;200&gt; but was:&lt;404&gt;
	at org.junit.Assert.fail(Assert.java:88)
	at org.junit.Assert.failNotEquals(Assert.java:743)
	at org.junit.Assert.assertEquals(Assert.java:118)
	at org.junit.Assert.assertEquals(Assert.java:555)
	at org.junit.Assert.assertEquals(Assert.java:542)
	at br.usp.ime.HelloWorldIT.testPing(HelloWorldIT.java:30)
	at sun.reflect.NativeMethodAccessorImpl.invoke0(Native Method)
	at sun.reflect.NativeMethodAccessorImpl.invoke(NativeMethodAccessorImpl.java:57)
	at sun.reflect.DelegatingMethodAccessorImpl.invoke(DelegatingMethodAccessorImpl.java:43)
	at java.lang.reflect.Method.invoke(Method.java:601)
	at org.junit.runners.model.FrameworkMethod$1.runReflectiveCall(FrameworkMethod.java:47)
	at org.junit.internal.runners.model.ReflectiveCallable.run(ReflectiveCallable.java:12)
	at org.junit.runners.model.FrameworkMethod.invokeExplosively(FrameworkMethod.java:44)
	at org.junit.internal.runners.statements.InvokeMethod.evaluate(InvokeMethod.java:17)
	at org.junit.runners.ParentRunner.runLeaf(ParentRunner.java:271)
	at org.junit.runners.BlockJUnit4ClassRunner.runChild(BlockJUnit4ClassRunner.java:70)
	at org.junit.runners.BlockJUnit4ClassRunner.runChild(BlockJUnit4ClassRunner.java:50)
	at org.junit.runners.ParentRunner$3.run(ParentRunner.java:238)
	at org.junit.runners.ParentRunner$1.schedule(ParentRunner.java:63)
	at org.junit.runners.ParentRunner.runChildren(ParentRunner.java:236)
	at org.junit.runners.ParentRunner.access$000(ParentRunner.java:53)
	at org.junit.runners.ParentRunner$2.evaluate(ParentRunner.java:229)
	at org.junit.internal.runners.statements.RunBefores.evaluate(RunBefores.java:26)
	at org.junit.runners.ParentRunner.run(ParentRunner.java:309)
	at org.apache.maven.surefire.junit4.JUnit4TestSet.execute(JUnit4TestSet.java:53)
	at org.apache.maven.surefire.junit4.JUnit4Provider.executeTestSet(JUnit4Provider.java:119)
	at org.apache.maven.surefire.junit4.JUnit4Provider.invoke(JUnit4Provider.java:101)
	at sun.reflect.NativeMethodAccessorImpl.invoke0(Native Method)
	at sun.reflect.NativeMethodAccessorImpl.invoke(NativeMethodAccessorImpl.java:57)
	at sun.reflect.DelegatingMethodAccessorImpl.invoke(DelegatingMethodAccessorImpl.java:43)
	at java.lang.reflect.Method.invoke(Method.java:601)
	at org.apache.maven.surefire.booter.ProviderFactory$ClassLoaderProxy.invoke(ProviderFactory.java:103)
	at com.sun.proxy.$Proxy0.invoke(Unknown Source)
	at org.apache.maven.surefire.booter.SurefireStarter.invokeProvider(SurefireStarter.java:150)
	at org.apache.maven.surefire.booter.SurefireStarter.runSuitesInProcess(SurefireStarter.java:91)
	at org.apache.maven.surefire.booter.ForkedBooter.main(ForkedBooter.java:69)
</failure>
  </testcase>
</testsuite>